11:18:25.876 [main] INFO  testCases.TC_001_AccountRegistrationTest - ******* starting TC_001_AccountRegistrationTest *******
11:18:25.893 [main] INFO  testCases.TC_001_AccountRegistrationTest - Clicking on MyAccount link
11:18:25.950 [main] INFO  testCases.TC_001_AccountRegistrationTest - Clicking on register link
11:18:27.388 [main] INFO  testCases.TC_001_AccountRegistrationTest - Providing customers details
11:18:28.452 [main] INFO  testCases.TC_001_AccountRegistrationTest - Registration successful...
11:18:28.453 [main] INFO  testCases.TC_001_AccountRegistrationTest - ******* Finished TC_001_AccountRegistrationTest *******
16:44:23.843 [main] INFO  testCases.TC_001_AccountRegistrationTest - ******* starting TC_001_AccountRegistrationTest *******
16:44:23.863 [main] INFO  testCases.TC_001_AccountRegistrationTest - Clicking on MyAccount link
16:44:23.916 [main] INFO  testCases.TC_001_AccountRegistrationTest - Clicking on register link
16:44:26.187 [main] INFO  testCases.TC_001_AccountRegistrationTest - Providing customers details
16:44:27.298 [main] INFO  testCases.TC_001_AccountRegistrationTest - Registration successful...
16:44:27.300 [main] INFO  testCases.TC_001_AccountRegistrationTest - ******* Finished TC_001_AccountRegistrationTest *******
17:02:59.197 [main] INFO  testCases.TC_001_AccountRegistrationTest - ******* starting TC_001_AccountRegistrationTest *******
17:02:59.214 [main] INFO  testCases.TC_001_AccountRegistrationTest - Clicking on MyAccount link
17:02:59.271 [main] INFO  testCases.TC_001_AccountRegistrationTest - Clicking on register link
17:03:00.730 [main] INFO  testCases.TC_001_AccountRegistrationTest - Providing customers details
17:03:01.848 [main] INFO  testCases.TC_001_AccountRegistrationTest - Registration successful...
17:03:01.849 [main] INFO  testCases.TC_001_AccountRegistrationTest - ******* Finished TC_001_AccountRegistrationTest *******
17:04:43.891 [main] INFO  testCases.TC_002_LoginTest - Starting TC_002_Logintest....
17:04:45.216 [main] INFO  testCases.TC_002_LoginTest - FinishingTC_002_LoginTest.....
17:15:57.978 [main] INFO  testCases.TC_003_LoginDataDrivenTest - Starting TC_003_LoginDataDrivenTest....
17:16:00.114 [main] INFO  testCases.TC_003_LoginDataDrivenTest - FinishingTC_002_LoginTest.....
17:16:00.131 [main] INFO  testCases.TC_003_LoginDataDrivenTest - Starting TC_003_LoginDataDrivenTest....
17:16:01.932 [main] INFO  testCases.TC_003_LoginDataDrivenTest - FinishingTC_002_LoginTest.....
17:16:01.937 [main] INFO  testCases.TC_003_LoginDataDrivenTest - Starting TC_003_LoginDataDrivenTest....
17:16:22.816 [main] INFO  testCases.TC_003_LoginDataDrivenTest - FinishingTC_002_LoginTest.....
17:16:22.818 [main] INFO  testCases.TC_003_LoginDataDrivenTest - Starting TC_003_LoginDataDrivenTest....
17:16:24.880 [main] INFO  testCases.TC_003_LoginDataDrivenTest - FinishingTC_002_LoginTest.....
17:39:12.193 [main] INFO  testCases.TC_001_AccountRegistrationTest - ******* starting TC_001_AccountRegistrationTest *******
17:39:12.208 [main] INFO  testCases.TC_001_AccountRegistrationTest - Clicking on MyAccount link
17:39:12.253 [main] INFO  testCases.TC_001_AccountRegistrationTest - Clicking on register link
17:39:13.613 [main] INFO  testCases.TC_001_AccountRegistrationTest - Providing customers details
17:39:14.685 [main] INFO  testCases.TC_001_AccountRegistrationTest - Registration successful...
17:39:14.686 [main] INFO  testCases.TC_001_AccountRegistrationTest - ******* Finished TC_001_AccountRegistrationTest *******
17:39:26.004 [main] INFO  testCases.TC_002_LoginTest - Starting TC_002_Logintest....
17:39:27.289 [main] INFO  testCases.TC_002_LoginTest - FinishingTC_002_LoginTest.....
17:53:40.942 [main] INFO  testCases.TC_001_AccountRegistrationTest - ******* starting TC_001_AccountRegistrationTest *******
17:53:40.961 [main] INFO  testCases.TC_001_AccountRegistrationTest - Clicking on MyAccount link
17:53:41.009 [main] INFO  testCases.TC_001_AccountRegistrationTest - Clicking on register link
17:53:42.711 [main] INFO  testCases.TC_001_AccountRegistrationTest - Providing customers details
17:53:43.809 [main] INFO  testCases.TC_001_AccountRegistrationTest - Registration successful...
17:53:43.811 [main] INFO  testCases.TC_001_AccountRegistrationTest - ******* Finished TC_001_AccountRegistrationTest *******
17:53:53.138 [main] INFO  testCases.TC_002_LoginTest - Starting TC_002_Logintest....
17:57:00.901 [main] INFO  testCases.TC_002_LoginTest - Starting TC_002_Logintest....
17:57:02.191 [main] INFO  testCases.TC_002_LoginTest - FinishingTC_002_LoginTest.....
18:01:01.765 [main] INFO  testCases.TC_001_AccountRegistrationTest - ******* starting TC_001_AccountRegistrationTest *******
18:01:01.781 [main] INFO  testCases.TC_001_AccountRegistrationTest - Clicking on MyAccount link
18:01:01.827 [main] INFO  testCases.TC_001_AccountRegistrationTest - Clicking on register link
18:01:03.225 [main] INFO  testCases.TC_001_AccountRegistrationTest - Providing customers details
