18:01:04.311 [main] INFO  testCases.TC_001_AccountRegistrationTest - Registration successful...
18:01:04.315 [main] INFO  testCases.TC_001_AccountRegistrationTest - ******* Finished TC_001_AccountRegistrationTest *******
18:01:12.369 [main] INFO  testCases.TC_002_LoginTest - Starting TC_002_Logintest....
18:01:13.601 [main] INFO  testCases.TC_002_LoginTest - FinishingTC_002_LoginTest.....
17:48:55.429 [main] INFO  testCases.TC_001_AccountRegistrationTest - ******* starting TC_001_AccountRegistrationTest *******
17:48:55.441 [main] INFO  testCases.TC_001_AccountRegistrationTest - Clicking on MyAccount link
17:48:55.496 [main] INFO  testCases.TC_001_AccountRegistrationTest - Clicking on register link
17:48:56.724 [main] INFO  testCases.TC_001_AccountRegistrationTest - Providing customers details
17:48:57.854 [main] INFO  testCases.TC_001_AccountRegistrationTest - Registration successful...
17:48:57.856 [main] INFO  testCases.TC_001_AccountRegistrationTest - ******* Finished TC_001_AccountRegistrationTest *******
22:50:06.432 [main] INFO  testCases.TC_001_AccountRegistrationTest - ******* starting TC_001_AccountRegistrationTest *******
22:50:06.457 [main] INFO  testCases.TC_001_AccountRegistrationTest - Clicking on MyAccount link
22:50:06.528 [main] INFO  testCases.TC_001_AccountRegistrationTest - Clicking on register link
22:50:07.251 [main] INFO  testCases.TC_001_AccountRegistrationTest - Providing customers details
22:50:10.662 [main] INFO  testCases.TC_001_AccountRegistrationTest - Registration successful...
22:50:10.663 [main] INFO  testCases.TC_001_AccountRegistrationTest - ******* Finished TC_001_AccountRegistrationTest *******
22:50:14.404 [main] INFO  testCases.TC_002_LoginTest - Starting TC_002_Logintest....
22:50:15.786 [main] INFO  testCases.TC_002_LoginTest - FinishingTC_002_LoginTest.....
18:07:30.283 [main] INFO  testCases.TC_001_AccountRegistrationTest - ******* starting TC_001_AccountRegistrationTest *******
18:07:30.302 [main] INFO  testCases.TC_001_AccountRegistrationTest - Clicking on MyAccount link
18:07:30.371 [main] INFO  testCases.TC_001_AccountRegistrationTest - Clicking on register link
18:07:31.538 [main] INFO  testCases.TC_001_AccountRegistrationTest - Providing customers details
18:07:34.748 [main] INFO  testCases.TC_001_AccountRegistrationTest - Registration successful...
18:07:34.752 [main] INFO  testCases.TC_001_AccountRegistrationTest - ******* Finished TC_001_AccountRegistrationTest *******
18:07:40.119 [main] INFO  testCases.TC_002_LoginTest - Starting TC_002_Logintest....
18:07:41.460 [main] INFO  testCases.TC_002_LoginTest - FinishingTC_002_LoginTest.....
18:16:55.051 [main] INFO  testCases.TC_001_AccountRegistrationTest - ******* starting TC_001_AccountRegistrationTest *******
18:16:55.068 [main] INFO  testCases.TC_001_AccountRegistrationTest - Clicking on MyAccount link
18:16:55.145 [main] INFO  testCases.TC_001_AccountRegistrationTest - Clicking on register link
18:16:56.672 [main] INFO  testCases.TC_001_AccountRegistrationTest - Providing customers details
18:16:59.992 [main] INFO  testCases.TC_001_AccountRegistrationTest - Registration successful...
18:16:59.994 [main] INFO  testCases.TC_001_AccountRegistrationTest - ******* Finished TC_001_AccountRegistrationTest *******
18:17:07.182 [main] INFO  testCases.TC_002_LoginTest - Starting TC_002_Logintest....
18:17:08.493 [main] INFO  testCases.TC_002_LoginTest - FinishingTC_002_LoginTest.....
